Arguments: 
  C:\Program Files\nodejs\node.exe C:\Program Files\nodejs\node_modules\yarn\bin\yarn.js

PATH: 
  C:\Program Files (x86)\Common Files\Oracle\Java\javapath;C:\Program Files (x86)\NetSarang\Xftp 6\;C:\Program Files (x86)\NetSarang\Xshell 6\;C:\Program Files\Dell\DW WLAN Card;C:\Windows\system32;C:\Windows;C:\Windows\System32\Wbem;C:\Windows\System32\WindowsPowerShell\v1.0\;C:\Windows\System32\OpenSSH\;C:\Program Files\Java\jdk1.8.0_241\bin;C:\Program Files\Git\cmd;C:\Users\vczyh\AppData\Roaming\nvm;C:\Program Files\nodejs;C:\Program Files (x86)\Intel\Intel(R) Management Engine Components\DAL;C:\Program Files\Intel\Intel(R) Management Engine Components\DAL;C:\Program Files\Git\usr\bin;D:\apache-maven-3.5.4\bin;D:\code\tdesktop\TBuild\ThirdParty\gyp;D:\code\tdesktop\TBuild\ThirdParty\Ninja;C:\Strawberry\c\bin;C:\Strawberry\perl\site\bin;C:\Strawberry\perl\bin;C:\Program Files (x86)\ZeroTier\One\;C:\Program Files\dotnet\;C:\Users\vczyh\Anaconda3;C:\Users\vczyh\Anaconda3\Library\mingw-w64\bin;C:\Users\vczyh\Anaconda3\Library\usr\bin;C:\Users\vczyh\Anaconda3\Library\bin;C:\Users\vczyh\Anaconda3\Scripts;C:\Users\vczyh\AppData\Local\Microsoft\WindowsApps;C:\Users\vczyh\AppData\Local\Programs\Microsoft VS Code\bin;C:\Program Files\Bandizip\;C:\Users\vczyh\AppData\Roaming\nvm;C:\Program Files\nodejs;C:\Program Files\LLVM\bin;C:\Users\vczyh\AppData\Local\GitHubDesktop\bin;C:\Users\vczyh\.dotnet\tools

Yarn version: 
  1.22.4

Node version: 
  12.12.0

Platform: 
  win32 x64

Trace: 
  Error: EPERM: operation not permitted, lstat 'D:\博客\博客部署\blog\node_modules\@babel\code-frame'

npm manifest: 
  {
    "name": "blog",
    "version": "1.0.0",
    "description": "personal blog",
    "author": "vczyh",
    "scripts": {
      "dev": "vuepress dev .",
      "build": "vuepress build .",
      "push": "node push.js"
    },
    "devDependencies": {
      "shelljs": "^0.8.4",
      "vuepress": "1.5.0",
      "vuepress-theme-reco": "1.5.5"
    },
    "dependencies": {
      "vue-class-component": "^7.2.3"
    }
  }

yarn manifest: 
  No manifest

Lockfile: 
  No lockfile
